  Source.cpp
C:\Users\dicek\PycharmProjects\switchbladev2\coniving\coniving\Source.cpp(10,8): error C2143: syntax error: missing ';' before '*'
C:\Users\dicek\PycharmProjects\switchbladev2\coniving\coniving\Source.cpp(10,8): error C4430: missing type specifier - int assumed. Note: C++ does not support default-int
C:\Users\dicek\PycharmProjects\switchbladev2\coniving\coniving\Source.cpp(10,1): error C3521: 'IStream' is not a parameter pack
C:\Users\dicek\PycharmProjects\switchbladev2\coniving\coniving\Source.cpp(10,16): error C4430: missing type specifier - int assumed. Note: C++ does not support default-int
C:\Users\dicek\PycharmProjects\switchbladev2\coniving\coniving\Source.cpp(12,18): error C2664: 'HRESULT URLOpenBlockingStreamW(LPUNKNOWN,LPCWSTR,LPSTREAM *,DWORD,LPBINDSTATUSCALLBACK)': cannot convert argument 2 from 'const char [18]' to 'LPCWSTR'
C:\Users\dicek\PycharmProjects\switchbladev2\coniving\coniving\Source.cpp(12,43): message : Types pointed to are unrelated; conversion requires reinterpret_cast, C-style cast or parenthesized function-style cast
C:\Program Files (x86)\Windows Kits\10\Include\10.0.22000.0\um\urlmon.h(5021,8): message : see declaration of 'URLOpenBlockingStreamW'
C:\Users\dicek\PycharmProjects\switchbladev2\coniving\coniving\Source.cpp(12,18): message : while trying to match the argument list '(int, const char [18], int **, int, int)'
C:\Users\dicek\PycharmProjects\switchbladev2\coniving\coniving\Source.cpp(13,1): error C2059: syntax error: 'if'
C:\Users\dicek\PycharmProjects\switchbladev2\coniving\coniving\Source.cpp(14,1): error C2143: syntax error: missing ';' before '{'
C:\Users\dicek\PycharmProjects\switchbladev2\coniving\coniving\Source.cpp(14,1): error C2447: '{': missing function header (old-style formal list?)
C:\Users\dicek\PycharmProjects\switchbladev2\coniving\coniving\Source.cpp(20,7): error C3927: '->': trailing return type is not allowed after a non-function declarator
C:\Users\dicek\PycharmProjects\switchbladev2\coniving\coniving\Source.cpp(20,9): error C3613: missing return type after '->' ('int' assumed)
C:\Users\dicek\PycharmProjects\switchbladev2\coniving\coniving\Source.cpp(20,13): error C4430: missing type specifier - int assumed. Note: C++ does not support default-int
C:\Users\dicek\PycharmProjects\switchbladev2\coniving\coniving\Source.cpp(20,1): error C2040: 'stream': 'int' differs in levels of indirection from 'int *'
C:\Users\dicek\PycharmProjects\switchbladev2\coniving\coniving\Source.cpp(20,9): error C2146: syntax error: missing ';' before identifier 'Read'
C:\Users\dicek\PycharmProjects\switchbladev2\coniving\coniving\Source.cpp(21,1): error C2059: syntax error: 'while'
C:\Users\dicek\PycharmProjects\switchbladev2\coniving\coniving\Source.cpp(22,1): error C2143: syntax error: missing ';' before '{'
C:\Users\dicek\PycharmProjects\switchbladev2\coniving\coniving\Source.cpp(22,1): error C2447: '{': missing function header (old-style formal list?)
C:\Users\dicek\PycharmProjects\switchbladev2\coniving\coniving\Source.cpp(26,7): error C3927: '->': trailing return type is not allowed after a non-function declarator
C:\Users\dicek\PycharmProjects\switchbladev2\coniving\coniving\Source.cpp(26,9): error C3613: missing return type after '->' ('int' assumed)
C:\Users\dicek\PycharmProjects\switchbladev2\coniving\coniving\Source.cpp(26,16): error C4430: missing type specifier - int assumed. Note: C++ does not support default-int
C:\Users\dicek\PycharmProjects\switchbladev2\coniving\coniving\Source.cpp(26,1): error C2040: 'stream': 'int' differs in levels of indirection from 'int *'
C:\Users\dicek\PycharmProjects\switchbladev2\coniving\coniving\Source.cpp(26,9): error C2146: syntax error: missing ';' before identifier 'Release'
